<?xml version="1.0" encoding="UTF-8"?>
<!-- Generated by org.testng.reporters.JUnitXMLReporter -->
<testsuite hostname="VarunGowda-PC" name="Test" tests="1" failures="0" timestamp="5 Nov 2018 03:50:57 GMT" time="0.392" errors="0">
  <testcase name="@BeforeMethod openApp" time="0.0" classname="script.OrangeTC1">
    <failure type="java.lang.NoClassDefFoundError" message="okhttp3/ConnectionPool">
      <![CDATA[java.lang.NoClassDefFoundError: okhttp3/ConnectionPool
	at org.openqa.selenium.remote.internal.OkHttpClient$Factory.<init>(OkHttpClient.java:116)
	at org.openqa.selenium.remote.http.HttpClient$Factory.createDefault(HttpClient.java:66)
	at org.openqa.selenium.remote.HttpCommandExecutor.<clinit>(HttpCommandExecutor.java:47)
	at org.openqa.selenium.chrome.ChromeDriver.<init>(ChromeDriver.java:181)
	at org.openqa.selenium.chrome.ChromeDriver.<init>(ChromeDriver.java:168)
	at org.openqa.selenium.chrome.ChromeDriver.<init>(ChromeDriver.java:123)
	at generic.Utility.openBrowser(Utility.java:19)
	at generic.BaseTest.openApp(BaseTest.java:30)
Caused by: java.lang.ClassNotFoundException: okhttp3.ConnectionPool
	at java.net.URLClassLoader.findClass(URLClassLoader.java:381)
	at java.lang.ClassLoader.loadClass(ClassLoader.java:424)
	at sun.misc.Launcher$AppClassLoader.loadClass(Launcher.java:335)
	at java.lang.ClassLoader.loadClass(ClassLoader.java:357)
	... 35 more
... Removed 27 stack frames]]>
    </failure>
  </testcase> <!-- @BeforeMethod openApp -->
  <testcase name="@AfterMethod closeApp" time="0.0" classname="script.OrangeTC1">
    <failure type="java.lang.NullPointerException">
      <![CDATA[java.lang.NullPointerException
	at generic.BaseTest.closeApp(BaseTest.java:44)
... Removed 27 stack frames]]>
    </failure>
  </testcase> <!-- @AfterMethod closeApp -->
  <testcase name="testA" time="0.007" classname="script.OrangeTC1">
    <skipped/>
  </testcase> <!-- testA -->
</testsuite> <!-- Test -->
